Determining if the pthread_create exist failed with the following output:
Change Dir: /home/robot1/catkin_ws/build/CMakeFiles/CMakeTmp

Run Build Command:"/usr/bin/make" "cmTC_7812b/fast"
/usr/bin/make -f CMakeFiles/cmTC_7812b.dir/build.make CMakeFiles/cmTC_7812b.dir/build
make[1]: Entering directory '/home/robot1/catkin_ws/build/CMakeFiles/CMakeTmp'
Building C object CMakeFiles/cmTC_7812b.dir/CheckSymbolExists.c.o
/usr/bin/cc    -o CMakeFiles/cmTC_7812b.dir/CheckSymbolExists.c.o   -c /home/robot1/catkin_ws/build/CMakeFiles/CMakeTmp/CheckSymbolExists.c
Linking C executable cmTC_7812b
/usr/bin/cmake -E cmake_link_script CMakeFiles/cmTC_7812b.dir/link.txt --verbose=1
/usr/bin/cc      -rdynamic CMakeFiles/cmTC_7812b.dir/CheckSymbolExists.c.o  -o cmTC_7812b 
CMakeFiles/cmTC_7812b.dir/CheckSymbolExists.c.o: In function `main':
CheckSymbolExists.c:(.text+0x14): undefined reference to `pthread_create'
CheckSymbolExists.c:(.text+0x18): undefined reference to `pthread_create'
collect2: error: ld returned 1 exit status
CMakeFiles/cmTC_7812b.dir/build.make:97: recipe for target 'cmTC_7812b' failed
make[1]: *** [cmTC_7812b] Error 1
make[1]: Leaving directory '/home/robot1/catkin_ws/build/CMakeFiles/CMakeTmp'
Makefile:126: recipe for target 'cmTC_7812b/fast' failed
make: *** [cmTC_7812b/fast] Error 2

File /home/robot1/catkin_ws/build/CMakeFiles/CMakeTmp/CheckSymbolExists.c:
/* */
#include <pthread.h>

int main(int argc, char** argv)
{
  (void)argv;
#ifndef pthread_create
  return ((int*)(&pthread_create))[argc];
#else
  (void)argc;
  return 0;
#endif
}

Determining if the function pthread_create exists in the pthreads failed with the following output:
Change Dir: /home/robot1/catkin_ws/build/CMakeFiles/CMakeTmp

Run Build Command:"/usr/bin/make" "cmTC_4c24a/fast"
/usr/bin/make -f CMakeFiles/cmTC_4c24a.dir/build.make CMakeFiles/cmTC_4c24a.dir/build
make[1]: Entering directory '/home/robot1/catkin_ws/build/CMakeFiles/CMakeTmp'
Building C object CMakeFiles/cmTC_4c24a.dir/CheckFunctionExists.c.o
/usr/bin/cc   -DCHECK_FUNCTION_EXISTS=pthread_create   -o CMakeFiles/cmTC_4c24a.dir/CheckFunctionExists.c.o   -c /usr/share/cmake-3.10/Modules/CheckFunctionExists.c
Linking C executable cmTC_4c24a
/usr/bin/cmake -E cmake_link_script CMakeFiles/cmTC_4c24a.dir/link.txt --verbose=1
/usr/bin/cc  -DCHECK_FUNCTION_EXISTS=pthread_create    -rdynamic CMakeFiles/cmTC_4c24a.dir/CheckFunctionExists.c.o  -o cmTC_4c24a -lpthreads 
/usr/bin/ld: cannot find -lpthreads
collect2: error: ld returned 1 exit status
CMakeFiles/cmTC_4c24a.dir/build.make:97: recipe for target 'cmTC_4c24a' failed
make[1]: *** [cmTC_4c24a] Error 1
make[1]: Leaving directory '/home/robot1/catkin_ws/build/CMakeFiles/CMakeTmp'
Makefile:126: recipe for target 'cmTC_4c24a/fast' failed
make: *** [cmTC_4c24a/fast] Error 2


Performing C SOURCE FILE Test CMAKE_HAVE_LIBC_PTHREAD failed with the following output:
Change Dir: /home/robot1/catkin_ws/build/CMakeFiles/CMakeTmp

Run Build Command(s):/usr/bin/make cmTC_5b87f/fast && /usr/bin/make  -f CMakeFiles/cmTC_5b87f.dir/build.make CMakeFiles/cmTC_5b87f.dir/build
make[1]: Entering directory '/home/robot1/catkin_ws/build/CMakeFiles/CMakeTmp'
Building C object CMakeFiles/cmTC_5b87f.dir/src.c.o
/usr/bin/cc -DCMAKE_HAVE_LIBC_PTHREAD   -o CMakeFiles/cmTC_5b87f.dir/src.c.o -c /home/robot1/catkin_ws/build/CMakeFiles/CMakeTmp/src.c
Linking C executable cmTC_5b87f
/usr/local/bin/cmake -E cmake_link_script CMakeFiles/cmTC_5b87f.dir/link.txt --verbose=1
/usr/bin/cc -rdynamic CMakeFiles/cmTC_5b87f.dir/src.c.o -o cmTC_5b87f 
CMakeFiles/cmTC_5b87f.dir/src.c.o: In function `main':
src.c:(.text+0x48): undefined reference to `pthread_create'
src.c:(.text+0x50): undefined reference to `pthread_detach'
src.c:(.text+0x58): undefined reference to `pthread_cancel'
src.c:(.text+0x64): undefined reference to `pthread_join'
src.c:(.text+0x74): undefined reference to `pthread_atfork'
collect2: error: ld returned 1 exit status
CMakeFiles/cmTC_5b87f.dir/build.make:105: recipe for target 'cmTC_5b87f' failed
make[1]: *** [cmTC_5b87f] Error 1
make[1]: Leaving directory '/home/robot1/catkin_ws/build/CMakeFiles/CMakeTmp'
Makefile:140: recipe for target 'cmTC_5b87f/fast' failed
make: *** [cmTC_5b87f/fast] Error 2


Source file was:
#include <pthread.h>

static void* test_func(void* data)
{
  return data;
}

int main(void)
{
  pthread_t thread;
  pthread_create(&thread, NULL, test_func, NULL);
  pthread_detach(thread);
  pthread_cancel(thread);
  pthread_join(thread, NULL);
  pthread_atfork(NULL, NULL, NULL);
  pthread_exit(NULL);

  return 0;
}

